-Xajruntimetarget:1.5
-Xlint:ignore
-1.8
-encoding
UTF-8
-source
1.8
-target
1.8
-classpath
/home/ester/.m2/repository/org/aspectj/aspectjrt/1.8.9/aspectjrt-1.8.9.jar:/home/ester/.m2/repository/org/springframework/roo/org.springframework.roo.annotations/2.0.0.RELEASE/org.springframework.roo.annotations-2.0.0.RELEASE.pom:/home/ester/.m2/repository/io/springlets/springlets-context/1.2.0.RELEASE/springlets-context-1.2.0.RELEASE.jar:/home/ester/.m2/repository/org/springframework/spring-aspects/4.3.3.RELEASE/spring-aspects-4.3.3.RELEASE.jar:/home/ester/.m2/repository/org/springframework/spring-context/4.3.3.RELEASE/spring-context-4.3.3.RELEASE.jar:/home/ester/.m2/repository/org/springframework/data/spring-data-jpa/1.10.3.RELEASE/spring-data-jpa-1.10.3.RELEASE.jar:/home/ester/.m2/repository/org/springframework/data/spring-data-commons/1.12.3.RELEASE/spring-data-commons-1.12.3.RELEASE.jar:/home/ester/.m2/repository/org/eclipse/persistence/javax.persistence/2.1.1/javax.persistence-2.1.1.jar:/home/ester/.m2/repository/junit/junit/4.12/junit-4.12.jar:/home/ester/.m2/repository/org/assertj/assertj-core/2.5.0/assertj-core-2.5.0.jar:/home/ester/.m2/repository/org/springframework/spring-test/4.3.3.RELEASE/spring-test-4.3.3.RELEASE.jar:/home/ester/.m2/repository/org/springframework/boot/spring-boot-test/1.4.1.RELEASE/spring-boot-test-1.4.1.RELEASE.jar:/home/ester/.m2/repository/javax/validation/validation-api/1.1.0.Final/validation-api-1.1.0.Final.jar:/home/ester/.m2/repository/org/springframework/roo/org.springframework.roo.addon.configurable.annotations/2.0.0.RELEASE/org.springframework.roo.addon.configurable.annotations-2.0.0.RELEASE.jar:/home/ester/.m2/repository/org/springframework/roo/org.springframework.roo.addon.javabean.annotations/2.0.0.RELEASE/org.springframework.roo.addon.javabean.annotations-2.0.0.RELEASE.jar:/home/ester/.m2/repository/org/springframework/roo/org.springframework.roo.addon.jpa.annotations/2.0.0.RELEASE/org.springframework.roo.addon.jpa.annotations-2.0.0.RELEASE.jar:/home/ester/.m2/repository/org/springframework/roo/org.springframework.roo.addon.layers.repository.jpa.annotations/2.0.0.RELEASE/org.springframework.roo.addon.layers.repository.jpa.annotations-2.0.0.RELEASE.jar:/home/ester/.m2/repository/org/springframework/roo/org.springframework.roo.addon.layers.service.annotations/2.0.0.RELEASE/org.springframework.roo.addon.layers.service.annotations-2.0.0.RELEASE.jar:/home/ester/.m2/repository/org/springframework/roo/org.springframework.roo.addon.plural.annotations/2.0.0.RELEASE/org.springframework.roo.addon.plural.annotations-2.0.0.RELEASE.jar:/home/ester/.m2/repository/org/springframework/roo/org.springframework.roo.addon.security.annotations/2.0.0.RELEASE/org.springframework.roo.addon.security.annotations-2.0.0.RELEASE.jar:/home/ester/.m2/repository/org/springframework/roo/org.springframework.roo.addon.web.mvc.controller.annotations/2.0.0.RELEASE/org.springframework.roo.addon.web.mvc.controller.annotations-2.0.0.RELEASE.jar:/home/ester/.m2/repository/org/springframework/roo/org.springframework.roo.addon.web.mvc.exceptions.annotations/2.0.0.RELEASE/org.springframework.roo.addon.web.mvc.exceptions.annotations-2.0.0.RELEASE.jar:/home/ester/.m2/repository/org/springframework/roo/org.springframework.roo.addon.web.mvc.thymeleaf.annotations/2.0.0.RELEASE/org.springframework.roo.addon.web.mvc.thymeleaf.annotations-2.0.0.RELEASE.jar:/home/ester/.m2/repository/org/springframework/roo/org.springframework.roo.classpath/2.0.0.RELEASE/org.springframework.roo.classpath-2.0.0.RELEASE.jar:/home/ester/.m2/repository/org/apache/felix/org.apache.felix.scr.annotations/1.9.12/org.apache.felix.scr.annotations-1.9.12.jar:/home/ester/.m2/repository/org/springframework/roo/org.springframework.roo.file.monitor/2.0.0.RELEASE/org.springframework.roo.file.monitor-2.0.0.RELEASE.jar:/home/ester/.m2/repository/org/springframework/roo/org.springframework.roo.file.undo/2.0.0.RELEASE/org.springframework.roo.file.undo-2.0.0.RELEASE.jar:/home/ester/.m2/repository/org/springframework/roo/org.springframework.roo.metadata/2.0.0.RELEASE/org.springframework.roo.metadata-2.0.0.RELEASE.jar:/home/ester/.m2/repository/org/springframework/roo/org.springframework.roo.model/2.0.0.RELEASE/org.springframework.roo.model-2.0.0.RELEASE.jar:/home/ester/.m2/repository/org/springframework/roo/org.springframework.roo.process.manager/2.0.0.RELEASE/org.springframework.roo.process.manager-2.0.0.RELEASE.jar:/home/ester/.m2/repository/org/springframework/roo/org.springframework.roo.shell.osgi/2.0.0.RELEASE/org.springframework.roo.shell.osgi-2.0.0.RELEASE.jar:/home/ester/.m2/repository/org/springframework/roo/org.springframework.roo.project/2.0.0.RELEASE/org.springframework.roo.project-2.0.0.RELEASE.jar:/home/ester/.m2/repository/org/apache/felix/org.apache.felix.framework/5.4.0/org.apache.felix.framework-5.4.0.jar:/home/ester/.m2/repository/org/springframework/roo/org.springframework.roo.shell/2.0.0.RELEASE/org.springframework.roo.shell-2.0.0.RELEASE.jar:/home/ester/.m2/repository/org/springframework/roo/org.springframework.roo.support/2.0.0.RELEASE/org.springframework.roo.support-2.0.0.RELEASE.jar:/home/ester/.m2/repository/org/apache/commons/commons-lang3/3.4/commons-lang3-3.4.jar:/home/ester/.m2/repository/commons-io/commons-io/2.5/commons-io-2.5.jar:/home/ester/.m2/repository/commons-codec/commons-codec/1.10/commons-codec-1.10.jar:/home/ester/.m2/repository/org/springframework/roo/org.springframework.roo.settings/2.0.0.RELEASE/org.springframework.roo.settings-2.0.0.RELEASE.jar:/home/ester/.m2/repository/org/springframework/roo/org.springframework.roo.propfiles.manager/2.0.0.RELEASE/org.springframework.roo.propfiles.manager-2.0.0.RELEASE.jar:/home/ester/.m2/repository/org/springframework/roo/wrapping/org.springframework.roo.wrapping.inflector/0.7.0.010/org.springframework.roo.wrapping.inflector-0.7.0.010.jar:/home/ester/.m2/repository/org/springframework/roo/org.springframework.roo.addon.dto.annotations/2.0.0.RELEASE/org.springframework.roo.addon.dto.annotations-2.0.0.RELEASE.jar:/home/ester/.m2/repository/org/springframework/roo/org.springframework.roo.addon.ws.annotations/2.0.0.RELEASE/org.springframework.roo.addon.ws.annotations-2.0.0.RELEASE.jar:/home/ester/.m2/repository/org/aspectj/aspectjweaver/1.8.9/aspectjweaver-1.8.9.jar:/home/ester/.m2/repository/org/springframework/spring-aop/4.3.3.RELEASE/spring-aop-4.3.3.RELEASE.jar:/home/ester/.m2/repository/org/springframework/spring-beans/4.3.3.RELEASE/spring-beans-4.3.3.RELEASE.jar:/home/ester/.m2/repository/org/springframework/spring-core/4.3.3.RELEASE/spring-core-4.3.3.RELEASE.jar:/home/ester/.m2/repository/org/springframework/spring-expression/4.3.3.RELEASE/spring-expression-4.3.3.RELEASE.jar:/home/ester/.m2/repository/org/springframework/spring-orm/4.3.3.RELEASE/spring-orm-4.3.3.RELEASE.jar:/home/ester/.m2/repository/org/springframework/spring-jdbc/4.3.3.RELEASE/spring-jdbc-4.3.3.RELEASE.jar:/home/ester/.m2/repository/org/springframework/spring-tx/4.3.3.RELEASE/spring-tx-4.3.3.RELEASE.jar:/home/ester/.m2/repository/org/slf4j/slf4j-api/1.7.21/slf4j-api-1.7.21.jar:/home/ester/Documents/workspace-sts-3.9.4.RELEASE/Northwind/model/target/classes
-d
/home/ester/Documents/workspace-sts-3.9.4.RELEASE/Northwind/model/target/classes
/home/ester/Documents/workspace-sts-3.9.4.RELEASE/Northwind/model/src/main/java/org/northwind/model/Customer.java
/home/ester/Documents/workspace-sts-3.9.4.RELEASE/Northwind/model/src/main/java/org/northwind/model/Store.java
/home/ester/Documents/workspace-sts-3.9.4.RELEASE/Northwind/model/src/main/java/org/northwind/model/Party_Roo_Jaxb_Entity.aj
/home/ester/Documents/workspace-sts-3.9.4.RELEASE/Northwind/model/src/main/java/org/northwind/model/City.java
/home/ester/Documents/workspace-sts-3.9.4.RELEASE/Northwind/model/src/main/java/org/northwind/model/CustomerOrderFormBean_Roo_Serializable.aj
/home/ester/Documents/workspace-sts-3.9.4.RELEASE/Northwind/model/src/main/java/org/northwind/model/CustomerOrderFormBean_Roo_DTO.aj
/home/ester/Documents/workspace-sts-3.9.4.RELEASE/Northwind/model/src/main/java/org/northwind/model/Period.java
/home/ester/Documents/workspace-sts-3.9.4.RELEASE/Northwind/model/src/main/java/org/northwind/model/Country.java
/home/ester/Documents/workspace-sts-3.9.4.RELEASE/Northwind/model/src/main/java/org/northwind/model/Employee_Roo_JavaBean.aj
/home/ester/Documents/workspace-sts-3.9.4.RELEASE/Northwind/model/src/main/java/org/northwind/model/Employee_Roo_Jaxb_Entity.aj
/home/ester/Documents/workspace-sts-3.9.4.RELEASE/Northwind/model/src/main/java/org/northwind/model/SoldProduct_Roo_Jpa_Entity.aj
/home/ester/Documents/workspace-sts-3.9.4.RELEASE/Northwind/model/src/main/java/org/northwind/model/Supplier_Roo_Jaxb_Entity.aj
/home/ester/Documents/workspace-sts-3.9.4.RELEASE/Northwind/model/src/main/java/org/northwind/model/Shipper_Roo_Jpa_Entity.aj
/home/ester/Documents/workspace-sts-3.9.4.RELEASE/Northwind/model/src/main/java/org/northwind/model/Country_Roo_Jaxb_Entity.aj
/home/ester/Documents/workspace-sts-3.9.4.RELEASE/Northwind/model/src/main/java/org/northwind/model/Shipper_Roo_Jaxb_Entity.aj
/home/ester/Documents/workspace-sts-3.9.4.RELEASE/Northwind/model/src/main/java/org/northwind/model/Category_Roo_Jaxb_Entity.aj
/home/ester/Documents/workspace-sts-3.9.4.RELEASE/Northwind/model/src/main/java/org/northwind/model/Country_Roo_JavaBean.aj
/home/ester/Documents/workspace-sts-3.9.4.RELEASE/Northwind/model/src/main/java/org/northwind/model/dto/CustomerOrderFormBean_Roo_Serializable.aj
/home/ester/Documents/workspace-sts-3.9.4.RELEASE/Northwind/model/src/main/java/org/northwind/model/dto/CustomerOrderFormBean_Roo_DTO.aj
/home/ester/Documents/workspace-sts-3.9.4.RELEASE/Northwind/model/src/main/java/org/northwind/model/dto/CustomerOrderFormBean_Roo_JavaBean.aj
/home/ester/Documents/workspace-sts-3.9.4.RELEASE/Northwind/model/src/main/java/org/northwind/model/dto/ShipperPhoneFormBean_Roo_DTO.aj
/home/ester/Documents/workspace-sts-3.9.4.RELEASE/Northwind/model/src/main/java/org/northwind/model/dto/ShipperPhoneFormBean.java
/home/ester/Documents/workspace-sts-3.9.4.RELEASE/Northwind/model/src/main/java/org/northwind/model/dto/ShipperPhoneFormBean_Roo_JavaBean.aj
/home/ester/Documents/workspace-sts-3.9.4.RELEASE/Northwind/model/src/main/java/org/northwind/model/dto/CustomerOrderFormBean.java
/home/ester/Documents/workspace-sts-3.9.4.RELEASE/Northwind/model/src/main/java/org/northwind/model/CustomerOrderFormBean_Roo_JavaBean.aj
/home/ester/Documents/workspace-sts-3.9.4.RELEASE/Northwind/model/src/main/java/org/northwind/model/CustomerOrder_Roo_Jaxb_Entity.aj
/home/ester/Documents/workspace-sts-3.9.4.RELEASE/Northwind/model/src/main/java/org/northwind/model/PurchaseOrder.java
/home/ester/Documents/workspace-sts-3.9.4.RELEASE/Northwind/model/src/main/java/org/northwind/model/CustomerOrder.java
/home/ester/Documents/workspace-sts-3.9.4.RELEASE/Northwind/model/src/main/java/org/northwind/model/Region_Roo_JavaBean.aj
/home/ester/Documents/workspace-sts-3.9.4.RELEASE/Northwind/model/src/main/java/org/northwind/model/Category.java
/home/ester/Documents/workspace-sts-3.9.4.RELEASE/Northwind/model/src/main/java/org/northwind/model/Report.java
/home/ester/Documents/workspace-sts-3.9.4.RELEASE/Northwind/model/src/main/java/org/northwind/model/CustomerOrder_Roo_JavaBean.aj
/home/ester/Documents/workspace-sts-3.9.4.RELEASE/Northwind/model/src/main/java/org/northwind/model/Customer_Roo_JavaBean.aj
/home/ester/Documents/workspace-sts-3.9.4.RELEASE/Northwind/model/src/main/java/org/northwind/model/Report_Roo_JavaBean.aj
/home/ester/Documents/workspace-sts-3.9.4.RELEASE/Northwind/model/src/main/java/org/northwind/model/Customer_Roo_Jpa_Entity.aj
/home/ester/Documents/workspace-sts-3.9.4.RELEASE/Northwind/model/src/main/java/org/northwind/model/ShipperPhoneFormBean_Roo_DTO.aj
/home/ester/Documents/workspace-sts-3.9.4.RELEASE/Northwind/model/src/main/java/org/northwind/model/City_Roo_JavaBean.aj
/home/ester/Documents/workspace-sts-3.9.4.RELEASE/Northwind/model/src/main/java/org/northwind/model/CustomerInfo_Roo_Projection.aj
/home/ester/Documents/workspace-sts-3.9.4.RELEASE/Northwind/model/src/main/java/org/northwind/model/Shipper.java
/home/ester/Documents/workspace-sts-3.9.4.RELEASE/Northwind/model/src/main/java/org/northwind/model/PurchaseOrder_Roo_Jpa_Entity.aj
/home/ester/Documents/workspace-sts-3.9.4.RELEASE/Northwind/model/src/main/java/org/northwind/model/OrderDetail_Roo_Jaxb_Entity.aj
/home/ester/Documents/workspace-sts-3.9.4.RELEASE/Northwind/model/src/main/java/org/northwind/model/Product_Roo_JavaBean.aj
/home/ester/Documents/workspace-sts-3.9.4.RELEASE/Northwind/model/src/main/java/org/northwind/model/Shipper_Roo_JavaBean.aj
/home/ester/Documents/workspace-sts-3.9.4.RELEASE/Northwind/model/src/main/java/org/northwind/model/PurchaseOrder_Roo_JavaBean.aj
/home/ester/Documents/workspace-sts-3.9.4.RELEASE/Northwind/model/src/main/java/org/northwind/model/Category_Roo_JavaBean.aj
/home/ester/Documents/workspace-sts-3.9.4.RELEASE/Northwind/model/src/main/java/org/northwind/model/City_Roo_Jpa_Entity.aj
/home/ester/Documents/workspace-sts-3.9.4.RELEASE/Northwind/model/src/main/java/org/northwind/model/CustomerInfo_Roo_JavaBean.aj
/home/ester/Documents/workspace-sts-3.9.4.RELEASE/Northwind/model/src/main/java/org/northwind/model/SoldProduct_Roo_Jaxb_Entity.aj
/home/ester/Documents/workspace-sts-3.9.4.RELEASE/Northwind/model/src/main/java/org/northwind/model/Category_Roo_Jpa_Audit.aj
/home/ester/Documents/workspace-sts-3.9.4.RELEASE/Northwind/model/src/main/java/org/northwind/model/ShipperPhoneFormBean.java
/home/ester/Documents/workspace-sts-3.9.4.RELEASE/Northwind/model/src/main/java/org/northwind/model/CustomerInfo.java
/home/ester/Documents/workspace-sts-3.9.4.RELEASE/Northwind/model/src/main/java/org/northwind/model/Store_Roo_Jpa_Entity.aj
/home/ester/Documents/workspace-sts-3.9.4.RELEASE/Northwind/model/src/main/java/org/northwind/model/Party.java
/home/ester/Documents/workspace-sts-3.9.4.RELEASE/Northwind/model/src/main/java/org/northwind/model/Product.java
/home/ester/Documents/workspace-sts-3.9.4.RELEASE/Northwind/model/src/main/java/org/northwind/model/Supplier.java
/home/ester/Documents/workspace-sts-3.9.4.RELEASE/Northwind/model/src/main/java/org/northwind/model/CustomerOrder_Roo_Jpa_Entity.aj
/home/ester/Documents/workspace-sts-3.9.4.RELEASE/Northwind/model/src/main/java/org/northwind/model/Store_Roo_JavaBean.aj
/home/ester/Documents/workspace-sts-3.9.4.RELEASE/Northwind/model/src/main/java/org/northwind/model/Customer_Roo_Jaxb_Entity.aj
/home/ester/Documents/workspace-sts-3.9.4.RELEASE/Northwind/model/src/main/java/org/northwind/model/Product_Roo_Jpa_Entity.aj
/home/ester/Documents/workspace-sts-3.9.4.RELEASE/Northwind/model/src/main/java/org/northwind/model/Supplier_Roo_JavaBean.aj
/home/ester/Documents/workspace-sts-3.9.4.RELEASE/Northwind/model/src/main/java/org/northwind/model/Store_Roo_Jaxb_Entity.aj
/home/ester/Documents/workspace-sts-3.9.4.RELEASE/Northwind/model/src/main/java/org/northwind/model/City_Roo_Jaxb_Entity.aj
/home/ester/Documents/workspace-sts-3.9.4.RELEASE/Northwind/model/src/main/java/org/northwind/model/Category_Roo_Jpa_Entity.aj
/home/ester/Documents/workspace-sts-3.9.4.RELEASE/Northwind/model/src/main/java/org/northwind/model/Supplier_Roo_Jpa_Entity.aj
/home/ester/Documents/workspace-sts-3.9.4.RELEASE/Northwind/model/src/main/java/org/northwind/model/Trimester.java
/home/ester/Documents/workspace-sts-3.9.4.RELEASE/Northwind/model/src/main/java/org/northwind/model/ShipperPhoneFormBean_Roo_JavaBean.aj
/home/ester/Documents/workspace-sts-3.9.4.RELEASE/Northwind/model/src/main/java/org/northwind/model/CustomerOrderFormBean.java
/home/ester/Documents/workspace-sts-3.9.4.RELEASE/Northwind/model/src/main/java/org/northwind/model/Employee_Roo_Jpa_Entity.aj
/home/ester/Documents/workspace-sts-3.9.4.RELEASE/Northwind/model/src/main/java/org/northwind/model/Status.java
/home/ester/Documents/workspace-sts-3.9.4.RELEASE/Northwind/model/src/main/java/org/northwind/model/SoldProduct_Roo_JavaBean.aj
/home/ester/Documents/workspace-sts-3.9.4.RELEASE/Northwind/model/src/main/java/org/northwind/model/Country_Roo_Jpa_Entity.aj
/home/ester/Documents/workspace-sts-3.9.4.RELEASE/Northwind/model/src/main/java/org/northwind/model/SoldProduct.java
/home/ester/Documents/workspace-sts-3.9.4.RELEASE/Northwind/model/src/main/java/org/northwind/model/Report_Roo_Jaxb_Entity.aj
/home/ester/Documents/workspace-sts-3.9.4.RELEASE/Northwind/model/src/main/java/org/northwind/model/PurchaseOrder_Roo_Jaxb_Entity.aj
/home/ester/Documents/workspace-sts-3.9.4.RELEASE/Northwind/model/src/main/java/org/northwind/model/Party_Roo_Jpa_Entity.aj
/home/ester/Documents/workspace-sts-3.9.4.RELEASE/Northwind/model/src/main/java/org/northwind/model/Region.java
/home/ester/Documents/workspace-sts-3.9.4.RELEASE/Northwind/model/src/main/java/org/northwind/model/OrderDetail.java
/home/ester/Documents/workspace-sts-3.9.4.RELEASE/Northwind/model/src/main/java/org/northwind/model/Report_Roo_Jpa_Entity.aj
/home/ester/Documents/workspace-sts-3.9.4.RELEASE/Northwind/model/src/main/java/org/northwind/model/Product_Roo_Jaxb_Entity.aj
/home/ester/Documents/workspace-sts-3.9.4.RELEASE/Northwind/model/src/main/java/org/northwind/model/Region_Roo_Jaxb_Entity.aj
/home/ester/Documents/workspace-sts-3.9.4.RELEASE/Northwind/model/src/main/java/org/northwind/model/Party_Roo_JavaBean.aj
/home/ester/Documents/workspace-sts-3.9.4.RELEASE/Northwind/model/src/main/java/org/northwind/model/OrderDetail_Roo_JavaBean.aj
/home/ester/Documents/workspace-sts-3.9.4.RELEASE/Northwind/model/src/main/java/org/northwind/model/OrderDetail_Roo_Jpa_Entity.aj
/home/ester/Documents/workspace-sts-3.9.4.RELEASE/Northwind/model/src/main/java/org/northwind/model/Region_Roo_Jpa_Entity.aj
/home/ester/Documents/workspace-sts-3.9.4.RELEASE/Northwind/model/src/main/java/org/northwind/model/Employee.java
